[2023-01-27 10:53:54] at /main/index.jsp
at /main/index.jsp
{DB.getConnection} Could not create connection to database server. Attempted reconnect 3 times. Giving up. (Could not create connection to database server. Attempted reconnect 3 times. Giving up.) (Could not create connection to database server. Attempted reconnect 3 times. Giving up.)
[2023-01-27 10:53:58] at /main/index.jsp
at /main/index.jsp
{DB.getConnection} Could not create connection to database server. Attempted reconnect 3 times. Giving up. (Could not create connection to database server. Attempted reconnect 3 times. Giving up.) (Could not create connection to database server. Attempted reconnect 3 times. Giving up.)
[2023-01-27 11:15:18] at /main/index.jsp
at /main/index.jsp
{DB.getConnection} Could not create connection to database server. Attempted reconnect 3 times. Giving up. (Could not create connection to database server. Attempted reconnect 3 times. Giving up.) (Could not create connection to database server. Attempted reconnect 3 times. Giving up.)
[2023-01-27 14:17:51] at /member/login.jsp
at /member/login.jsp
{DB.query} SELECT * FROM tb_user WHERE email =  password =  => You have an error in your SQL syntax; check the manual that corresponds to your MariaDB server version for the right syntax to use near '' at line 1 (You have an error in your SQL syntax; check the manual that corresponds to your MariaDB server version for the right syntax to use near '' at line 1) (You have an error in your SQL syntax; check the manual that corresponds to your MariaDB server version for the right syntax to use near '' at line 1)
[2023-01-27 14:17:52] at /member/login.jsp
at /member/login.jsp
{DB.query} SELECT * FROM tb_user WHERE email =  password =  => You have an error in your SQL syntax; check the manual that corresponds to your MariaDB server version for the right syntax to use near '' at line 1 (You have an error in your SQL syntax; check the manual that corresponds to your MariaDB server version for the right syntax to use near '' at line 1) (You have an error in your SQL syntax; check the manual that corresponds to your MariaDB server version for the right syntax to use near '' at line 1)
[2023-01-27 14:17:52] at /member/login.jsp
at /member/login.jsp
{DB.query} SELECT * FROM tb_user WHERE email =  password =  => You have an error in your SQL syntax; check the manual that corresponds to your MariaDB server version for the right syntax to use near '' at line 1 (You have an error in your SQL syntax; check the manual that corresponds to your MariaDB server version for the right syntax to use near '' at line 1) (You have an error in your SQL syntax; check the manual that corresponds to your MariaDB server version for the right syntax to use near '' at line 1)
[2023-01-27 14:17:52] at /member/login.jsp
at /member/login.jsp
{DB.query} SELECT * FROM tb_user WHERE email =  password =  => You have an error in your SQL syntax; check the manual that corresponds to your MariaDB server version for the right syntax to use near '' at line 1 (You have an error in your SQL syntax; check the manual that corresponds to your MariaDB server version for the right syntax to use near '' at line 1) (You have an error in your SQL syntax; check the manual that corresponds to your MariaDB server version for the right syntax to use near '' at line 1)
[2023-01-27 14:17:52] at /member/login.jsp
at /member/login.jsp
{DB.query} SELECT * FROM tb_user WHERE email =  password =  => You have an error in your SQL syntax; check the manual that corresponds to your MariaDB server version for the right syntax to use near '' at line 1 (You have an error in your SQL syntax; check the manual that corresponds to your MariaDB server version for the right syntax to use near '' at line 1) (You have an error in your SQL syntax; check the manual that corresponds to your MariaDB server version for the right syntax to use near '' at line 1)
[2023-01-27 14:17:52] at /member/login.jsp
at /member/login.jsp
{DB.query} SELECT * FROM tb_user WHERE email =  password =  => You have an error in your SQL syntax; check the manual that corresponds to your MariaDB server version for the right syntax to use near '' at line 1 (You have an error in your SQL syntax; check the manual that corresponds to your MariaDB server version for the right syntax to use near '' at line 1) (You have an error in your SQL syntax; check the manual that corresponds to your MariaDB server version for the right syntax to use near '' at line 1)
[2023-01-27 14:17:57] at /member/login.jsp
at /member/login.jsp
{DB.query} SELECT * FROM tb_user WHERE email =  password =  => You have an error in your SQL syntax; check the manual that corresponds to your MariaDB server version for the right syntax to use near '' at line 1 (You have an error in your SQL syntax; check the manual that corresponds to your MariaDB server version for the right syntax to use near '' at line 1) (You have an error in your SQL syntax; check the manual that corresponds to your MariaDB server version for the right syntax to use near '' at line 1)
[2023-01-27 14:17:59] at /member/login.jsp
at /member/login.jsp
{DB.query} SELECT * FROM tb_user WHERE email =  password =  => You have an error in your SQL syntax; check the manual that corresponds to your MariaDB server version for the right syntax to use near '' at line 1 (You have an error in your SQL syntax; check the manual that corresponds to your MariaDB server version for the right syntax to use near '' at line 1) (You have an error in your SQL syntax; check the manual that corresponds to your MariaDB server version for the right syntax to use near '' at line 1)
[2023-01-27 14:20:43] at /member/login.jsp
at /member/login.jsp
{DB.query} SELECT * FROM tb_user WHERE email =  password =  => You have an error in your SQL syntax; check the manual that corresponds to your MariaDB server version for the right syntax to use near '' at line 1 (You have an error in your SQL syntax; check the manual that corresponds to your MariaDB server version for the right syntax to use near '' at line 1) (You have an error in your SQL syntax; check the manual that corresponds to your MariaDB server version for the right syntax to use near '' at line 1)
[2023-01-27 14:20:44] at /member/login.jsp
at /member/login.jsp
{DB.query} SELECT * FROM tb_user WHERE email =  password =  => You have an error in your SQL syntax; check the manual that corresponds to your MariaDB server version for the right syntax to use near '' at line 1 (You have an error in your SQL syntax; check the manual that corresponds to your MariaDB server version for the right syntax to use near '' at line 1) (You have an error in your SQL syntax; check the manual that corresponds to your MariaDB server version for the right syntax to use near '' at line 1)
[2023-01-27 14:20:58] at /member/login.jsp
at /member/login.jsp
{DB.query} SELECT * FROM tb_user WHERE email =  password =  => You have an error in your SQL syntax; check the manual that corresponds to your MariaDB server version for the right syntax to use near '' at line 1 (You have an error in your SQL syntax; check the manual that corresponds to your MariaDB server version for the right syntax to use near '' at line 1) (You have an error in your SQL syntax; check the manual that corresponds to your MariaDB server version for the right syntax to use near '' at line 1)
[2023-01-27 14:21:22] at /member/login.jsp
at /member/login.jsp
{DB.query} SELECT * FROM tb_user WHERE email = asfd password = asdf => You have an error in your SQL syntax; check the manual that corresponds to your MariaDB server version for the right syntax to use near 'password = asdf' at line 1 (You have an error in your SQL syntax; check the manual that corresponds to your MariaDB server version for the right syntax to use near 'password = asdf' at line 1) (You have an error in your SQL syntax; check the manual that corresponds to your MariaDB server version for the right syntax to use near 'password = asdf' at line 1)
[2023-01-27 14:21:39] at /member/login.jsp
at /member/login.jsp
{DB.query} SELECT * FROM tb_user WHERE email =  password =  => You have an error in your SQL syntax; check the manual that corresponds to your MariaDB server version for the right syntax to use near '' at line 1 (You have an error in your SQL syntax; check the manual that corresponds to your MariaDB server version for the right syntax to use near '' at line 1) (You have an error in your SQL syntax; check the manual that corresponds to your MariaDB server version for the right syntax to use near '' at line 1)
[2023-01-27 14:22:11] at /member/login.jsp
at /member/login.jsp
{DB.query} SELECT * FROM tb_user WHERE email =  password =  => You have an error in your SQL syntax; check the manual that corresponds to your MariaDB server version for the right syntax to use near '' at line 1 (You have an error in your SQL syntax; check the manual that corresponds to your MariaDB server version for the right syntax to use near '' at line 1) (You have an error in your SQL syntax; check the manual that corresponds to your MariaDB server version for the right syntax to use near '' at line 1)
[2023-01-27 14:22:14] at /member/login.jsp
at /member/login.jsp
{DB.query} SELECT * FROM tb_user WHERE email = 1@gmail.com password = asdf => You have an error in your SQL syntax; check the manual that corresponds to your MariaDB server version for the right syntax to use near '@gmail.com password = asdf' at line 1 (You have an error in your SQL syntax; check the manual that corresponds to your MariaDB server version for the right syntax to use near '@gmail.com password = asdf' at line 1) (You have an error in your SQL syntax; check the manual that corresponds to your MariaDB server version for the right syntax to use near '@gmail.com password = asdf' at line 1)
[2023-01-27 14:28:37] at /member/login.jsp
at /member/login.jsp
{DB.query} SELECT * FROM tb_user WHERE email =  password =  => You have an error in your SQL syntax; check the manual that corresponds to your MariaDB server version for the right syntax to use near '' at line 1 (You have an error in your SQL syntax; check the manual that corresponds to your MariaDB server version for the right syntax to use near '' at line 1) (You have an error in your SQL syntax; check the manual that corresponds to your MariaDB server version for the right syntax to use near '' at line 1)
[2023-01-27 14:28:49] at /member/login.jsp
at /member/login.jsp
{DB.query} SELECT * FROM tb_user WHERE email = 1@gmail.com password = asdf => You have an error in your SQL syntax; check the manual that corresponds to your MariaDB server version for the right syntax to use near '@gmail.com password = asdf' at line 1 (You have an error in your SQL syntax; check the manual that corresponds to your MariaDB server version for the right syntax to use near '@gmail.com password = asdf' at line 1) (You have an error in your SQL syntax; check the manual that corresponds to your MariaDB server version for the right syntax to use near '@gmail.com password = asdf' at line 1)
[2023-01-27 14:34:20] at /member/login.jsp
at /member/login.jsp
{DB.query} SELECT * FROM tb_user WHERE email =  password =  => You have an error in your SQL syntax; check the manual that corresponds to your MariaDB server version for the right syntax to use near '' at line 1 (You have an error in your SQL syntax; check the manual that corresponds to your MariaDB server version for the right syntax to use near '' at line 1) (You have an error in your SQL syntax; check the manual that corresponds to your MariaDB server version for the right syntax to use near '' at line 1)
[2023-01-27 14:34:39] at /member/login.jsp
at /member/login.jsp
{DB.query} SELECT * FROM tb_user WHERE email = 1243@gmail.com password = asdfafd => You have an error in your SQL syntax; check the manual that corresponds to your MariaDB server version for the right syntax to use near '@gmail.com password = asdfafd' at line 1 (You have an error in your SQL syntax; check the manual that corresponds to your MariaDB server version for the right syntax to use near '@gmail.com password = asdfafd' at line 1) (You have an error in your SQL syntax; check the manual that corresponds to your MariaDB server version for the right syntax to use near '@gmail.com password = asdfafd' at line 1)
[2023-01-27 14:35:11] at /member/login.jsp
at /member/login.jsp
{DB.query} SELECT * FROM tb_user WHERE email =  password =  => You have an error in your SQL syntax; check the manual that corresponds to your MariaDB server version for the right syntax to use near '' at line 1 (You have an error in your SQL syntax; check the manual that corresponds to your MariaDB server version for the right syntax to use near '' at line 1) (You have an error in your SQL syntax; check the manual that corresponds to your MariaDB server version for the right syntax to use near '' at line 1)
[2023-01-27 14:35:20] at /member/login.jsp
at /member/login.jsp
{DB.query} SELECT * FROM tb_user WHERE email = 1243@gmail.com password = asdfafd => You have an error in your SQL syntax; check the manual that corresponds to your MariaDB server version for the right syntax to use near '@gmail.com password = asdfafd' at line 1 (You have an error in your SQL syntax; check the manual that corresponds to your MariaDB server version for the right syntax to use near '@gmail.com password = asdfafd' at line 1) (You have an error in your SQL syntax; check the manual that corresponds to your MariaDB server version for the right syntax to use near '@gmail.com password = asdfafd' at line 1)
[2023-01-27 15:18:10] at /member/login.jsp
at /member/login.jsp
{DB.query} SELECT * FROM tb_user WHERE email =  password =  => You have an error in your SQL syntax; check the manual that corresponds to your MariaDB server version for the right syntax to use near '' at line 1 (You have an error in your SQL syntax; check the manual that corresponds to your MariaDB server version for the right syntax to use near '' at line 1) (You have an error in your SQL syntax; check the manual that corresponds to your MariaDB server version for the right syntax to use near '' at line 1)
[2023-01-27 15:18:37] at /member/login.jsp
at /member/login.jsp
{DB.query} SELECT * FROM tb_user WHERE email =  password =  => You have an error in your SQL syntax; check the manual that corresponds to your MariaDB server version for the right syntax to use near '' at line 1 (You have an error in your SQL syntax; check the manual that corresponds to your MariaDB server version for the right syntax to use near '' at line 1) (You have an error in your SQL syntax; check the manual that corresponds to your MariaDB server version for the right syntax to use near '' at line 1)
[2023-01-27 15:18:39] at /member/login.jsp
at /member/login.jsp
{DB.query} SELECT * FROM tb_user WHERE email =  password =  => You have an error in your SQL syntax; check the manual that corresponds to your MariaDB server version for the right syntax to use near '' at line 1 (You have an error in your SQL syntax; check the manual that corresponds to your MariaDB server version for the right syntax to use near '' at line 1) (You have an error in your SQL syntax; check the manual that corresponds to your MariaDB server version for the right syntax to use near '' at line 1)
[2023-01-27 15:18:39] at /member/login.jsp
at /member/login.jsp
{DB.query} SELECT * FROM tb_user WHERE email =  password =  => You have an error in your SQL syntax; check the manual that corresponds to your MariaDB server version for the right syntax to use near '' at line 1 (You have an error in your SQL syntax; check the manual that corresponds to your MariaDB server version for the right syntax to use near '' at line 1) (You have an error in your SQL syntax; check the manual that corresponds to your MariaDB server version for the right syntax to use near '' at line 1)
[2023-01-27 15:18:40] at /member/login.jsp
at /member/login.jsp
{DB.query} SELECT * FROM tb_user WHERE email =  password =  => You have an error in your SQL syntax; check the manual that corresponds to your MariaDB server version for the right syntax to use near '' at line 1 (You have an error in your SQL syntax; check the manual that corresponds to your MariaDB server version for the right syntax to use near '' at line 1) (You have an error in your SQL syntax; check the manual that corresponds to your MariaDB server version for the right syntax to use near '' at line 1)
[2023-01-27 15:18:40] at /member/login.jsp
at /member/login.jsp
{DB.query} SELECT * FROM tb_user WHERE email =  password =  => You have an error in your SQL syntax; check the manual that corresponds to your MariaDB server version for the right syntax to use near '' at line 1 (You have an error in your SQL syntax; check the manual that corresponds to your MariaDB server version for the right syntax to use near '' at line 1) (You have an error in your SQL syntax; check the manual that corresponds to your MariaDB server version for the right syntax to use near '' at line 1)
[2023-01-27 15:18:43] at /member/login.jsp
at /member/login.jsp
{DB.query} SELECT * FROM tb_user WHERE email =  password =  => You have an error in your SQL syntax; check the manual that corresponds to your MariaDB server version for the right syntax to use near '' at line 1 (You have an error in your SQL syntax; check the manual that corresponds to your MariaDB server version for the right syntax to use near '' at line 1) (You have an error in your SQL syntax; check the manual that corresponds to your MariaDB server version for the right syntax to use near '' at line 1)
[2023-01-27 15:18:46] at /member/login.jsp
at /member/login.jsp
{DB.query} SELECT * FROM tb_user WHERE email = 1@gmail.com password = asdf => You have an error in your SQL syntax; check the manual that corresponds to your MariaDB server version for the right syntax to use near '@gmail.com password = asdf' at line 1 (You have an error in your SQL syntax; check the manual that corresponds to your MariaDB server version for the right syntax to use near '@gmail.com password = asdf' at line 1) (You have an error in your SQL syntax; check the manual that corresponds to your MariaDB server version for the right syntax to use near '@gmail.com password = asdf' at line 1)
[2023-01-27 15:19:53] at /member/login.jsp
at /member/login.jsp
{DB.query} SELECT * FROM tb_user WHERE email = '' AND password =  => You have an error in your SQL syntax; check the manual that corresponds to your MariaDB server version for the right syntax to use near '' at line 1 (You have an error in your SQL syntax; check the manual that corresponds to your MariaDB server version for the right syntax to use near '' at line 1) (You have an error in your SQL syntax; check the manual that corresponds to your MariaDB server version for the right syntax to use near '' at line 1)
[2023-01-27 15:20:20] at /member/login.jsp
at /member/login.jsp
{DB.query} SELECT * FROM tb_user WHERE email =  AND password =  => You have an error in your SQL syntax; check the manual that corresponds to your MariaDB server version for the right syntax to use near 'AND password =' at line 1 (You have an error in your SQL syntax; check the manual that corresponds to your MariaDB server version for the right syntax to use near 'AND password =' at line 1) (You have an error in your SQL syntax; check the manual that corresponds to your MariaDB server version for the right syntax to use near 'AND password =' at line 1)
[2023-01-27 15:20:27] at /member/login.jsp
at /member/login.jsp
{DB.query} SELECT * FROM tb_user WHERE email =  AND password =  => You have an error in your SQL syntax; check the manual that corresponds to your MariaDB server version for the right syntax to use near 'AND password =' at line 1 (You have an error in your SQL syntax; check the manual that corresponds to your MariaDB server version for the right syntax to use near 'AND password =' at line 1) (You have an error in your SQL syntax; check the manual that corresponds to your MariaDB server version for the right syntax to use near 'AND password =' at line 1)
[2023-01-27 15:30:37] at /member/login.jsp
at /member/login.jsp
{DB.query} SELECT * FROM tb_user WHERE email =  AND password =  => You have an error in your SQL syntax; check the manual that corresponds to your MariaDB server version for the right syntax to use near 'AND password =' at line 1 (You have an error in your SQL syntax; check the manual that corresponds to your MariaDB server version for the right syntax to use near 'AND password =' at line 1) (You have an error in your SQL syntax; check the manual that corresponds to your MariaDB server version for the right syntax to use near 'AND password =' at line 1)
[2023-01-27 15:40:28] at /member/login.jsp
at /member/login.jsp
{DB.query} SELECT * FROM tb_user WHERE email =  => You have an error in your SQL syntax; check the manual that corresponds to your MariaDB server version for the right syntax to use near '' at line 1 (You have an error in your SQL syntax; check the manual that corresponds to your MariaDB server version for the right syntax to use near '' at line 1) (You have an error in your SQL syntax; check the manual that corresponds to your MariaDB server version for the right syntax to use near '' at line 1)
[2023-01-27 15:42:12] at /member/login.jsp
at /member/login.jsp
{DB.query} SELECT * FROM tb_user WHERE email = ganzo@gmail.com => You have an error in your SQL syntax; check the manual that corresponds to your MariaDB server version for the right syntax to use near '@gmail.com' at line 1 (You have an error in your SQL syntax; check the manual that corresponds to your MariaDB server version for the right syntax to use near '@gmail.com' at line 1) (You have an error in your SQL syntax; check the manual that corresponds to your MariaDB server version for the right syntax to use near '@gmail.com' at line 1)
[2023-01-27 15:42:14] at /member/login.jsp
at /member/login.jsp
{DB.query} SELECT * FROM tb_user WHERE email =  => You have an error in your SQL syntax; check the manual that corresponds to your MariaDB server version for the right syntax to use near '' at line 1 (You have an error in your SQL syntax; check the manual that corresponds to your MariaDB server version for the right syntax to use near '' at line 1) (You have an error in your SQL syntax; check the manual that corresponds to your MariaDB server version for the right syntax to use near '' at line 1)
[2023-01-27 15:43:13] at /member/login.jsp
at /member/login.jsp
{DB.query} SELECT * FROM tb_user WHERE email = ganzo@gmail.com => You have an error in your SQL syntax; check the manual that corresponds to your MariaDB server version for the right syntax to use near '@gmail.com' at line 1 (You have an error in your SQL syntax; check the manual that corresponds to your MariaDB server version for the right syntax to use near '@gmail.com' at line 1) (You have an error in your SQL syntax; check the manual that corresponds to your MariaDB server version for the right syntax to use near '@gmail.com' at line 1)
[2023-01-27 15:43:27] at /member/login.jsp
at /member/login.jsp
{DB.query} SELECT * FROM tb_user WHERE email = ganzo@gmail.com => You have an error in your SQL syntax; check the manual that corresponds to your MariaDB server version for the right syntax to use near '@gmail.com' at line 1 (You have an error in your SQL syntax; check the manual that corresponds to your MariaDB server version for the right syntax to use near '@gmail.com' at line 1) (You have an error in your SQL syntax; check the manual that corresponds to your MariaDB server version for the right syntax to use near '@gmail.com' at line 1)
[2023-01-27 15:43:28] at /member/login.jsp
at /member/login.jsp
{DB.query} SELECT * FROM tb_user WHERE email = ganzo@gmail.com => You have an error in your SQL syntax; check the manual that corresponds to your MariaDB server version for the right syntax to use near '@gmail.com' at line 1 (You have an error in your SQL syntax; check the manual that corresponds to your MariaDB server version for the right syntax to use near '@gmail.com' at line 1) (You have an error in your SQL syntax; check the manual that corresponds to your MariaDB server version for the right syntax to use near '@gmail.com' at line 1)
[2023-01-27 15:44:02] at /member/login.jsp
at /member/login.jsp
{DB.query} SELECT * FROM tb_user WHERE email = ganzo@gmail.com => You have an error in your SQL syntax; check the manual that corresponds to your MariaDB server version for the right syntax to use near '@gmail.com' at line 1 (You have an error in your SQL syntax; check the manual that corresponds to your MariaDB server version for the right syntax to use near '@gmail.com' at line 1) (You have an error in your SQL syntax; check the manual that corresponds to your MariaDB server version for the right syntax to use near '@gmail.com' at line 1)
[2023-01-27 15:44:14] at /member/login.jsp
at /member/login.jsp
{DB.query} SELECT * FROM tb_user WHERE email = ganzo@gmail.com => You have an error in your SQL syntax; check the manual that corresponds to your MariaDB server version for the right syntax to use near '@gmail.com' at line 1 (You have an error in your SQL syntax; check the manual that corresponds to your MariaDB server version for the right syntax to use near '@gmail.com' at line 1) (You have an error in your SQL syntax; check the manual that corresponds to your MariaDB server version for the right syntax to use near '@gmail.com' at line 1)
[2023-01-27 15:44:15] at /member/login.jsp
at /member/login.jsp
{DB.query} SELECT * FROM tb_user WHERE email = ganzo@gmail.com => You have an error in your SQL syntax; check the manual that corresponds to your MariaDB server version for the right syntax to use near '@gmail.com' at line 1 (You have an error in your SQL syntax; check the manual that corresponds to your MariaDB server version for the right syntax to use near '@gmail.com' at line 1) (You have an error in your SQL syntax; check the manual that corresponds to your MariaDB server version for the right syntax to use near '@gmail.com' at line 1)
[2023-01-27 16:30:41] at /main/index.jsp
at /main/index.jsp
{Auth.getInt} null (null) (null)
[2023-01-27 16:42:35] at /main/index.jsp
at /main/index.jsp
{Auth.getInt} null (null) (null)
[2023-01-27 16:48:30] at /main/index.jsp
at /main/index.jsp
{Auth.getInt} null (null) (null)
[2023-01-27 17:10:39] at /main/index.jsp
at /main/index.jsp
{Auth.getInt} null (null) (null)
[2023-01-27 17:10:40] at /main/index.jsp
at /main/index.jsp
{Auth.getInt} null (null) (null)
[2023-01-27 17:10:40] at /main/index.jsp
at /main/index.jsp
{Auth.getInt} null (null) (null)
[2023-01-27 17:10:40] at /main/index.jsp
at /main/index.jsp
{Auth.getInt} null (null) (null)
[2023-01-27 17:10:40] at /main/index.jsp
at /main/index.jsp
{Auth.getInt} null (null) (null)
[2023-01-27 17:10:40] at /main/index.jsp
at /main/index.jsp
{Auth.getInt} null (null) (null)
[2023-01-27 17:10:40] at /main/index.jsp
at /main/index.jsp
{Auth.getInt} null (null) (null)
[2023-01-27 17:10:40] at /main/index.jsp
at /main/index.jsp
{Auth.getInt} null (null) (null)
[2023-01-27 17:11:41] at /member/login.jsp
at /member/login.jsp
{Auth.getInt} null (null) (null)
[2023-01-27 17:11:42] at /member/login.jsp
at /member/login.jsp
{Auth.getInt} null (null) (null)
[2023-01-27 17:11:43] at /member/login.jsp
at /member/login.jsp
{Auth.getInt} null (null) (null)
[2023-01-27 17:11:43] at /member/login.jsp
at /member/login.jsp
{Auth.getInt} null (null) (null)
[2023-01-27 17:11:43] at /member/login.jsp
at /member/login.jsp
{Auth.getInt} null (null) (null)
[2023-01-27 17:11:43] at /member/login.jsp
at /member/login.jsp
{Auth.getInt} null (null) (null)
[2023-01-27 17:11:43] at /member/login.jsp
at /member/login.jsp
{Auth.getInt} null (null) (null)
[2023-01-27 17:11:49] at /member/login.jsp
at /member/login.jsp
{Auth.getInt} null (null) (null)
[2023-01-27 17:12:26] at /member/login.jsp
at /member/login.jsp
{Auth.getInt} null (null) (null)
[2023-01-27 17:12:35] at /member/login.jsp
at /member/login.jsp
{Auth.getInt} null (null) (null)
[2023-01-27 17:12:37] at /member/login.jsp
at /member/login.jsp
{Auth.getInt} null (null) (null)
[2023-01-27 17:13:05] at /member/login.jsp
at /member/login.jsp
{Auth.getInt} null (null) (null)
[2023-01-27 17:13:09] at /member/login.jsp
at /member/login.jsp
{Auth.getInt} null (null) (null)
[2023-01-27 17:13:10] at /member/login.jsp
at /member/login.jsp
{Auth.getInt} null (null) (null)
[2023-01-27 17:13:53] at /member/login.jsp
at /member/login.jsp
{Auth.getInt} null (null) (null)
[2023-01-27 17:13:53] at /member/login.jsp
at /member/login.jsp
{Auth.getInt} null (null) (null)
[2023-01-27 17:13:53] at /member/login.jsp
at /member/login.jsp
{Auth.getInt} null (null) (null)
[2023-01-27 17:13:57] at /member/login.jsp
at /member/login.jsp
{Auth.getInt} null (null) (null)
[2023-01-27 17:13:58] at /member/login.jsp
at /member/login.jsp
{Auth.getInt} null (null) (null)
[2023-01-27 17:15:12] at /member/login.jsp
at /member/login.jsp
{Auth.getInt} null (null) (null)
[2023-01-27 17:15:16] at /member/login.jsp
at /member/login.jsp
{Auth.getInt} null (null) (null)
[2023-01-27 17:15:17] at /member/login.jsp
at /member/login.jsp
{Auth.getInt} null (null) (null)
[2023-01-27 17:23:29] at /member/login.jsp
at /member/login.jsp
{Auth.getInt} null (null) (null)
[2023-01-27 17:23:29] at /member/login.jsp
at /member/login.jsp
{Auth.getInt} null (null) (null)
[2023-01-27 17:23:37] at /member/login.jsp
at /member/login.jsp
{Auth.getInt} null (null) (null)
[2023-01-27 17:23:38] at /member/login.jsp
at /member/login.jsp
{Auth.getInt} null (null) (null)
[2023-01-27 17:23:42] at /member/login.jsp
at /member/login.jsp
{Auth.getInt} null (null) (null)
[2023-01-27 17:24:52] at /member/login.jsp
at /member/login.jsp
{Auth.getInt} null (null) (null)
[2023-01-27 17:24:54] at /member/login.jsp
at /member/login.jsp
{Auth.getInt} null (null) (null)
[2023-01-27 17:24:58] at /main/index.jsp
at /main/index.jsp
{Auth.getInt} null (null) (null)
[2023-01-27 17:25:00] at /member/login.jsp
at /member/login.jsp
{Auth.getInt} null (null) (null)
[2023-01-27 17:25:04] at /member/login.jsp
at /member/login.jsp
{Auth.getInt} null (null) (null)
[2023-01-27 17:25:06] at /member/login.jsp
at /member/login.jsp
{Auth.getInt} null (null) (null)
[2023-01-27 17:26:06] at /member/login.jsp
at /member/login.jsp
{Auth.getInt} null (null) (null)
[2023-01-27 17:26:10] at /member/login.jsp
at /member/login.jsp
{Auth.getInt} null (null) (null)
[2023-01-27 17:26:11] at /main/index.jsp
at /main/index.jsp
{Auth.getInt} null (null) (null)
[2023-01-27 17:29:45] at /member/login.jsp
at /member/login.jsp
{Auth.getInt} null (null) (null)
[2023-01-27 17:29:54] at /member/login.jsp
at /member/login.jsp
{Auth.getInt} null (null) (null)
[2023-01-27 17:29:55] at /main/index.jsp
at /main/index.jsp
{Auth.getInt} null (null) (null)
[2023-01-27 17:29:57] at /member/login.jsp
at /member/login.jsp
{Auth.getInt} null (null) (null)
[2023-01-27 17:30:00] at /member/login.jsp
at /member/login.jsp
{Auth.getInt} null (null) (null)
